1754444183.280020 client started (94690): version next-3.6, socket /tmp/tmux-1000/default, protocol 8
1754444183.280043 on Linux 6.1.0-37-amd64 #1 SMP PREEMPT_DYNAMIC Debian 6.1.140-1 (2025-05-22)
1754444183.280048 using libevent 2.1.12-stable poll
1754444183.280051 using ncurses 6.4 20221231
1754444183.280066 flags are 0x18010000
1754444183.280070 socket is /tmp/tmux-1000/default
1754444183.280081 trying connect
1754444183.280093 connect failed: Connection refused
1754444183.280101 lock file is /tmp/tmux-1000/default.lock
1754444183.280129 flock succeeded
1754444183.280134 got lock (6)
1754444183.280140 trying connect
1754444183.280148 connect failed: Connection refused
1754444183.280472 add peer 0x561adbeac480: 7 ((nil))
1754444183.280747 sending message 111 to peer 0x561adbeac480 (8 bytes)
1754444183.280753 sending message 111 to peer 0x561adbeac480 (8 bytes)
1754444183.280756 sending message 101 to peer 0x561adbeac480 (12 bytes)
1754444183.280759 sending message 109 to peer 0x561adbeac480 (4 bytes)
1754444183.280762 sending message 102 to peer 0x561adbeac480 (11 bytes)
1754444183.280764 sending message 108 to peer 0x561adbeac480 (28 bytes)
1754444183.280767 sending message 112 to peer 0x561adbeac480 (70 bytes)
1754444183.280770 sending message 112 to peer 0x561adbeac480 (5 bytes)
1754444183.280773 sending message 112 to peer 0x561adbeac480 (6 bytes)
1754444183.280775 sending message 112 to peer 0x561adbeac480 (6 bytes)
1754444183.280778 sending message 112 to peer 0x561adbeac480 (10 bytes)
1754444183.280780 sending message 112 to peer 0x561adbeac480 (13 bytes)
1754444183.280783 sending message 112 to peer 0x561adbeac480 (14 bytes)
1754444183.280786 sending message 112 to peer 0x561adbeac480 (19 bytes)
1754444183.280788 sending message 112 to peer 0x561adbeac480 (11 bytes)
1754444183.280791 sending message 112 to peer 0x561adbeac480 (10 bytes)
1754444183.280793 sending message 112 to peer 0x561adbeac480 (15 bytes)
1754444183.280796 sending message 112 to peer 0x561adbeac480 (21 bytes)
1754444183.280799 sending message 112 to peer 0x561adbeac480 (13 bytes)
1754444183.280801 sending message 112 to peer 0x561adbeac480 (7 bytes)
1754444183.280804 sending message 112 to peer 0x561adbeac480 (13 bytes)
1754444183.280806 sending message 112 to peer 0x561adbeac480 (7 bytes)
1754444183.280809 sending message 112 to peer 0x561adbeac480 (13 bytes)
1754444183.280812 sending message 112 to peer 0x561adbeac480 (9 bytes)
1754444183.280814 sending message 112 to peer 0x561adbeac480 (21 bytes)
1754444183.280817 sending message 112 to peer 0x561adbeac480 (13 bytes)
1754444183.280820 sending message 112 to peer 0x561adbeac480 (9 bytes)
1754444183.280823 sending message 112 to peer 0x561adbeac480 (16 bytes)
1754444183.280826 sending message 112 to peer 0x561adbeac480 (13 bytes)
1754444183.280828 sending message 112 to peer 0x561adbeac480 (9 bytes)
1754444183.280831 sending message 112 to peer 0x561adbeac480 (9 bytes)
1754444183.280834 sending message 112 to peer 0x561adbeac480 (12 bytes)
1754444183.280836 sending message 112 to peer 0x561adbeac480 (8 bytes)
1754444183.280839 sending message 112 to peer 0x561adbeac480 (13 bytes)
1754444183.280841 sending message 112 to peer 0x561adbeac480 (7 bytes)
1754444183.280844 sending message 112 to peer 0x561adbeac480 (7 bytes)
1754444183.280846 sending message 112 to peer 0x561adbeac480 (9 bytes)
1754444183.280849 sending message 112 to peer 0x561adbeac480 (6 bytes)
1754444183.280852 sending message 112 to peer 0x561adbeac480 (9 bytes)
1754444183.280854 sending message 112 to peer 0x561adbeac480 (15 bytes)
1754444183.280857 sending message 112 to peer 0x561adbeac480 (13 bytes)
1754444183.280859 sending message 112 to peer 0x561adbeac480 (12 bytes)
1754444183.280862 sending message 112 to peer 0x561adbeac480 (8 bytes)
1754444183.280865 sending message 112 to peer 0x561adbeac480 (14 bytes)
1754444183.280867 sending message 112 to peer 0x561adbeac480 (9 bytes)
1754444183.280870 sending message 112 to peer 0x561adbeac480 (10 bytes)
1754444183.280872 sending message 112 to peer 0x561adbeac480 (10 bytes)
1754444183.280880 sending message 112 to peer 0x561adbeac480 (10 bytes)
1754444183.280883 sending message 112 to peer 0x561adbeac480 (10 bytes)
1754444183.280886 sending message 112 to peer 0x561adbeac480 (11 bytes)
1754444183.280888 sending message 112 to peer 0x561adbeac480 (12 bytes)
1754444183.280891 sending message 112 to peer 0x561adbeac480 (12 bytes)
1754444183.280895 sending message 112 to peer 0x561adbeac480 (12 bytes)
1754444183.280899 sending message 112 to peer 0x561adbeac480 (12 bytes)
1754444183.280903 sending message 112 to peer 0x561adbeac480 (12 bytes)
1754444183.280907 sending message 112 to peer 0x561adbeac480 (11 bytes)
1754444183.280910 sending message 112 to peer 0x561adbeac480 (11 bytes)
1754444183.280914 sending message 112 to peer 0x561adbeac480 (12 bytes)
1754444183.280917 sending message 112 to peer 0x561adbeac480 (12 bytes)
1754444183.280921 sending message 112 to peer 0x561adbeac480 (12 bytes)
1754444183.280925 sending message 112 to peer 0x561adbeac480 (12 bytes)
1754444183.280930 sending message 112 to peer 0x561adbeac480 (12 bytes)
1754444183.280934 sending message 112 to peer 0x561adbeac480 (9 bytes)
1754444183.280938 sending message 112 to peer 0x561adbeac480 (12 bytes)
1754444183.280941 sending message 112 to peer 0x561adbeac480 (13 bytes)
1754444183.280945 sending message 112 to peer 0x561adbeac480 (13 bytes)
1754444183.280950 sending message 112 to peer 0x561adbeac480 (13 bytes)
1754444183.280953 sending message 112 to peer 0x561adbeac480 (13 bytes)
1754444183.280956 sending message 112 to peer 0x561adbeac480 (13 bytes)
1754444183.280958 sending message 112 to peer 0x561adbeac480 (8 bytes)
1754444183.280961 sending message 112 to peer 0x561adbeac480 (11 bytes)
1754444183.280964 sending message 112 to peer 0x561adbeac480 (11 bytes)
1754444183.280966 sending message 112 to peer 0x561adbeac480 (11 bytes)
1754444183.280969 sending message 112 to peer 0x561adbeac480 (12 bytes)
1754444183.280971 sending message 112 to peer 0x561adbeac480 (12 bytes)
1754444183.280974 sending message 112 to peer 0x561adbeac480 (13 bytes)
1754444183.280977 sending message 112 to peer 0x561adbeac480 (12 bytes)
1754444183.280979 sending message 112 to peer 0x561adbeac480 (13 bytes)
1754444183.280982 sending message 112 to peer 0x561adbeac480 (13 bytes)
1754444183.280984 sending message 112 to peer 0x561adbeac480 (13 bytes)
1754444183.280987 sending message 112 to peer 0x561adbeac480 (8 bytes)
1754444183.280990 sending message 112 to peer 0x561adbeac480 (13 bytes)
1754444183.280992 sending message 112 to peer 0x561adbeac480 (13 bytes)
1754444183.280995 sending message 112 to peer 0x561adbeac480 (13 bytes)
1754444183.280998 sending message 112 to peer 0x561adbeac480 (13 bytes)
1754444183.281000 sending message 112 to peer 0x561adbeac480 (13 bytes)
1754444183.281003 sending message 112 to peer 0x561adbeac480 (12 bytes)
1754444183.281005 sending message 112 to peer 0x561adbeac480 (12 bytes)
1754444183.281008 sending message 112 to peer 0x561adbeac480 (13 bytes)
1754444183.281011 sending message 112 to peer 0x561adbeac480 (12 bytes)
1754444183.281013 sending message 112 to peer 0x561adbeac480 (13 bytes)
1754444183.281016 sending message 112 to peer 0x561adbeac480 (8 bytes)
1754444183.281019 sending message 112 to peer 0x561adbeac480 (13 bytes)
1754444183.281021 sending message 112 to peer 0x561adbeac480 (13 bytes)
1754444183.281024 sending message 112 to peer 0x561adbeac480 (13 bytes)
1754444183.281027 sending message 112 to peer 0x561adbeac480 (13 bytes)
1754444183.281029 sending message 112 to peer 0x561adbeac480 (13 bytes)
1754444183.281032 sending message 112 to peer 0x561adbeac480 (13 bytes)
1754444183.281034 sending message 112 to peer 0x561adbeac480 (13 bytes)
1754444183.281037 sending message 112 to peer 0x561adbeac480 (12 bytes)
1754444183.281040 sending message 112 to peer 0x561adbeac480 (12 bytes)
1754444183.281042 sending message 112 to peer 0x561adbeac480 (13 bytes)
1754444183.281045 sending message 112 to peer 0x561adbeac480 (8 bytes)
1754444183.281047 sending message 112 to peer 0x561adbeac480 (12 bytes)
1754444183.281054 sending message 112 to peer 0x561adbeac480 (13 bytes)
1754444183.281057 sending message 112 to peer 0x561adbeac480 (13 bytes)
1754444183.281059 sending message 112 to peer 0x561adbeac480 (13 bytes)
1754444183.281062 sending message 112 to peer 0x561adbeac480 (13 bytes)
1754444183.281065 sending message 112 to peer 0x561adbeac480 (13 bytes)
1754444183.281067 sending message 112 to peer 0x561adbeac480 (13 bytes)
1754444183.281070 sending message 112 to peer 0x561adbeac480 (13 bytes)
1754444183.281072 sending message 112 to peer 0x561adbeac480 (13 bytes)
1754444183.281075 sending message 112 to peer 0x561adbeac480 (12 bytes)
1754444183.281078 sending message 112 to peer 0x561adbeac480 (10 bytes)
1754444183.281080 sending message 112 to peer 0x561adbeac480 (12 bytes)
1754444183.281083 sending message 112 to peer 0x561adbeac480 (13 bytes)
1754444183.281085 sending message 112 to peer 0x561adbeac480 (12 bytes)
1754444183.281088 sending message 112 to peer 0x561adbeac480 (13 bytes)
1754444183.281091 sending message 112 to peer 0x561adbeac480 (13 bytes)
1754444183.281093 sending message 112 to peer 0x561adbeac480 (13 bytes)
1754444183.281096 sending message 112 to peer 0x561adbeac480 (13 bytes)
1754444183.281098 sending message 112 to peer 0x561adbeac480 (13 bytes)
1754444183.281101 sending message 112 to peer 0x561adbeac480 (13 bytes)
1754444183.281103 sending message 112 to peer 0x561adbeac480 (13 bytes)
1754444183.281106 sending message 112 to peer 0x561adbeac480 (10 bytes)
1754444183.281109 sending message 112 to peer 0x561adbeac480 (13 bytes)
1754444183.281111 sending message 112 to peer 0x561adbeac480 (12 bytes)
1754444183.281114 sending message 112 to peer 0x561adbeac480 (12 bytes)
1754444183.281116 sending message 112 to peer 0x561adbeac480 (13 bytes)
1754444183.281119 sending message 112 to peer 0x561adbeac480 (10 bytes)
1754444183.281122 sending message 112 to peer 0x561adbeac480 (10 bytes)
1754444183.281124 sending message 112 to peer 0x561adbeac480 (10 bytes)
1754444183.281127 sending message 112 to peer 0x561adbeac480 (12 bytes)
1754444183.281130 sending message 112 to peer 0x561adbeac480 (13 bytes)
1754444183.281132 sending message 112 to peer 0x561adbeac480 (13 bytes)
1754444183.281135 sending message 112 to peer 0x561adbeac480 (13 bytes)
1754444183.281137 sending message 112 to peer 0x561adbeac480 (13 bytes)
1754444183.281140 sending message 112 to peer 0x561adbeac480 (13 bytes)
1754444183.281143 sending message 112 to peer 0x561adbeac480 (10 bytes)
1754444183.281145 sending message 112 to peer 0x561adbeac480 (11 bytes)
1754444183.281148 sending message 112 to peer 0x561adbeac480 (12 bytes)
1754444183.281150 sending message 112 to peer 0x561adbeac480 (12 bytes)
1754444183.281153 sending message 112 to peer 0x561adbeac480 (12 bytes)
1754444183.281156 sending message 112 to peer 0x561adbeac480 (12 bytes)
1754444183.281158 sending message 112 to peer 0x561adbeac480 (12 bytes)
1754444183.281161 sending message 112 to peer 0x561adbeac480 (11 bytes)
1754444183.281163 sending message 112 to peer 0x561adbeac480 (12 bytes)
1754444183.281166 sending message 112 to peer 0x561adbeac480 (12 bytes)
1754444183.281169 sending message 112 to peer 0x561adbeac480 (13 bytes)
1754444183.281171 sending message 112 to peer 0x561adbeac480 (13 bytes)
1754444183.281174 sending message 112 to peer 0x561adbeac480 (13 bytes)
1754444183.281176 sending message 112 to peer 0x561adbeac480 (13 bytes)
1754444183.281179 sending message 112 to peer 0x561adbeac480 (13 bytes)
1754444183.281182 sending message 112 to peer 0x561adbeac480 (10 bytes)
1754444183.281184 sending message 112 to peer 0x561adbeac480 (9 bytes)
1754444183.281187 sending message 112 to peer 0x561adbeac480 (12 bytes)
1754444183.281190 sending message 112 to peer 0x561adbeac480 (13 bytes)
1754444183.281192 sending message 112 to peer 0x561adbeac480 (13 bytes)
1754444183.281195 sending message 112 to peer 0x561adbeac480 (13 bytes)
1754444183.281197 sending message 112 to peer 0x561adbeac480 (13 bytes)
1754444183.281200 sending message 112 to peer 0x561adbeac480 (13 bytes)
1754444183.281206 sending message 112 to peer 0x561adbeac480 (9 bytes)
1754444183.281208 sending message 112 to peer 0x561adbeac480 (12 bytes)
1754444183.281211 sending message 112 to peer 0x561adbeac480 (13 bytes)
1754444183.281213 sending message 112 to peer 0x561adbeac480 (13 bytes)
1754444183.281217 sending message 112 to peer 0x561adbeac480 (13 bytes)
1754444183.281221 sending message 112 to peer 0x561adbeac480 (13 bytes)
1754444183.281225 sending message 112 to peer 0x561adbeac480 (13 bytes)
1754444183.281232 sending message 112 to peer 0x561adbeac480 (11 bytes)
1754444183.281236 sending message 112 to peer 0x561adbeac480 (12 bytes)
1754444183.281241 sending message 112 to peer 0x561adbeac480 (13 bytes)
1754444183.281245 sending message 112 to peer 0x561adbeac480 (13 bytes)
1754444183.281249 sending message 112 to peer 0x561adbeac480 (13 bytes)
1754444183.281251 sending message 112 to peer 0x561adbeac480 (13 bytes)
1754444183.281254 sending message 112 to peer 0x561adbeac480 (13 bytes)
1754444183.281257 sending message 112 to peer 0x561adbeac480 (11 bytes)
1754444183.281259 sending message 112 to peer 0x561adbeac480 (12 bytes)
1754444183.281262 sending message 112 to peer 0x561adbeac480 (12 bytes)
1754444183.281265 sending message 112 to peer 0x561adbeac480 (12 bytes)
1754444183.281267 sending message 112 to peer 0x561adbeac480 (12 bytes)
1754444183.281270 sending message 112 to peer 0x561adbeac480 (12 bytes)
1754444183.281272 sending message 112 to peer 0x561adbeac480 (22 bytes)
1754444183.281275 sending message 112 to peer 0x561adbeac480 (12 bytes)
1754444183.281278 sending message 112 to peer 0x561adbeac480 (9 bytes)
1754444183.281280 sending message 112 to peer 0x561adbeac480 (6 bytes)
1754444183.281283 sending message 112 to peer 0x561adbeac480 (13 bytes)
1754444183.281285 sending message 112 to peer 0x561adbeac480 (10 bytes)
1754444183.281288 sending message 112 to peer 0x561adbeac480 (15 bytes)
1754444183.281291 sending message 112 to peer 0x561adbeac480 (11 bytes)
1754444183.281293 sending message 112 to peer 0x561adbeac480 (9 bytes)
1754444183.281296 sending message 112 to peer 0x561adbeac480 (70 bytes)
1754444183.281299 sending message 112 to peer 0x561adbeac480 (69 bytes)
1754444183.281303 sending message 112 to peer 0x561adbeac480 (34 bytes)
1754444183.281307 sending message 112 to peer 0x561adbeac480 (34 bytes)
1754444183.281310 sending message 112 to peer 0x561adbeac480 (69 bytes)
1754444183.281314 sending message 112 to peer 0x561adbeac480 (12 bytes)
1754444183.281317 sending message 112 to peer 0x561adbeac480 (10 bytes)
1754444183.281320 sending message 112 to peer 0x561adbeac480 (10 bytes)
1754444183.281323 sending message 112 to peer 0x561adbeac480 (15 bytes)
1754444183.281325 sending message 112 to peer 0x561adbeac480 (11 bytes)
1754444183.281328 sending message 112 to peer 0x561adbeac480 (10 bytes)
1754444183.281331 sending message 112 to peer 0x561adbeac480 (10 bytes)
1754444183.281333 sending message 112 to peer 0x561adbeac480 (17 bytes)
1754444183.281336 sending message 112 to peer 0x561adbeac480 (10 bytes)
1754444183.281339 sending message 112 to peer 0x561adbeac480 (13 bytes)
1754444183.281341 sending message 112 to peer 0x561adbeac480 (17 bytes)
1754444183.281344 sending message 112 to peer 0x561adbeac480 (5 bytes)
1754444183.281347 sending message 112 to peer 0x561adbeac480 (9 bytes)
1754444183.281349 sending message 112 to peer 0x561adbeac480 (15 bytes)
1754444183.281353 sending message 104 to peer 0x561adbeac480 (0 bytes)
1754444183.281356 sending message 110 to peer 0x561adbeac480 (0 bytes)
1754444183.281359 sending message 107 to peer 0x561adbeac480 (4 bytes)
1754444183.281362 sending message 105 to peer 0x561adbeac480 (19 bytes)
1754444183.281365 sending message 105 to peer 0x561adbeac480 (17 bytes)
1754444183.281367 sending message 105 to peer 0x561adbeac480 (18 bytes)
1754444183.281370 sending message 105 to peer 0x561adbeac480 (16 bytes)
1754444183.281373 sending message 105 to peer 0x561adbeac480 (205 bytes)
1754444183.281375 sending message 105 to peer 0x561adbeac480 (19 bytes)
1754444183.281382 sending message 105 to peer 0x561adbeac480 (22 bytes)
1754444183.281384 sending message 105 to peer 0x561adbeac480 (13 bytes)
1754444183.281387 sending message 105 to peer 0x561adbeac480 (31 bytes)
1754444183.281390 sending message 105 to peer 0x561adbeac480 (28 bytes)
1754444183.281392 sending message 105 to peer 0x561adbeac480 (19 bytes)
1754444183.281395 sending message 105 to peer 0x561adbeac480 (84 bytes)
1754444183.281398 sending message 105 to peer 0x561adbeac480 (54 bytes)
1754444183.281400 sending message 105 to peer 0x561adbeac480 (27 bytes)
1754444183.281403 sending message 105 to peer 0x561adbeac480 (11 bytes)
1754444183.281406 sending message 105 to peer 0x561adbeac480 (22 bytes)
1754444183.281408 sending message 105 to peer 0x561adbeac480 (21 bytes)
1754444183.281411 sending message 105 to peer 0x561adbeac480 (44 bytes)
1754444183.281414 sending message 105 to peer 0x561adbeac480 (52 bytes)
1754444183.281416 sending message 105 to peer 0x561adbeac480 (19 bytes)
1754444183.281419 sending message 105 to peer 0x561adbeac480 (32 bytes)
1754444183.281422 sending message 105 to peer 0x561adbeac480 (18 bytes)
1754444183.281424 sending message 105 to peer 0x561adbeac480 (96 bytes)
1754444183.281427 sending message 105 to peer 0x561adbeac480 (19 bytes)
1754444183.281429 sending message 105 to peer 0x561adbeac480 (41 bytes)
1754444183.281432 sending message 105 to peer 0x561adbeac480 (17 bytes)
1754444183.281435 sending message 105 to peer 0x561adbeac480 (13 bytes)
1754444183.281438 sending message 105 to peer 0x561adbeac480 (41 bytes)
1754444183.281440 sending message 105 to peer 0x561adbeac480 (26 bytes)
1754444183.281443 sending message 105 to peer 0x561adbeac480 (23 bytes)
1754444183.281445 sending message 105 to peer 0x561adbeac480 (23 bytes)
1754444183.281448 sending message 105 to peer 0x561adbeac480 (31 bytes)
1754444183.281451 sending message 105 to peer 0x561adbeac480 (21 bytes)
1754444183.281453 sending message 105 to peer 0x561adbeac480 (20 bytes)
1754444183.281456 sending message 105 to peer 0x561adbeac480 (16 bytes)
1754444183.281458 sending message 105 to peer 0x561adbeac480 (47 bytes)
1754444183.281461 sending message 105 to peer 0x561adbeac480 (23 bytes)
1754444183.281464 sending message 105 to peer 0x561adbeac480 (24 bytes)
1754444183.281466 sending message 105 to peer 0x561adbeac480 (33 bytes)
1754444183.281469 sending message 105 to peer 0x561adbeac480 (80 bytes)
1754444183.281472 sending message 105 to peer 0x561adbeac480 (72 bytes)
1754444183.281474 sending message 105 to peer 0x561adbeac480 (36 bytes)
1754444183.281477 sending message 105 to peer 0x561adbeac480 (50 bytes)
1754444183.281480 sending message 105 to peer 0x561adbeac480 (18 bytes)
1754444183.281482 sending message 105 to peer 0x561adbeac480 (17 bytes)
1754444183.281485 sending message 105 to peer 0x561adbeac480 (17 bytes)
1754444183.281487 sending message 105 to peer 0x561adbeac480 (20 bytes)
1754444183.281490 sending message 105 to peer 0x561adbeac480 (16 bytes)
1754444183.281493 sending message 105 to peer 0x561adbeac480 (60 bytes)
1754444183.281495 sending message 105 to peer 0x561adbeac480 (59 bytes)
1754444183.281498 sending message 105 to peer 0x561adbeac480 (64 bytes)
1754444183.281500 sending message 105 to peer 0x561adbeac480 (8 bytes)
1754444183.281503 sending message 105 to peer 0x561adbeac480 (21 bytes)
1754444183.281506 sending message 105 to peer 0x561adbeac480 (29 bytes)
1754444183.281508 sending message 105 to peer 0x561adbeac480 (11 bytes)
1754444183.281511 sending message 105 to peer 0x561adbeac480 (8 bytes)
1754444183.281514 sending message 105 to peer 0x561adbeac480 (32 bytes)
1754444183.281516 sending message 105 to peer 0x561adbeac480 (1764 bytes)
1754444183.281528 sending message 105 to peer 0x561adbeac480 (34 bytes)
1754444183.281531 sending message 105 to peer 0x561adbeac480 (35 bytes)
1754444183.281534 sending message 105 to peer 0x561adbeac480 (22 bytes)
1754444183.281537 sending message 106 to peer 0x561adbeac480 (0 bytes)
1754444183.281571 sending message 200 to peer 0x561adbeac480 (4 bytes)
1754444183.281577 client loop enter
1754444183.281587 client_signal: Child exited
1754444183.335156 peer 0x561adbeac480 message 207
1754444183.335173 sending message 208 to peer 0x561adbeac480 (0 bytes)
1754444188.965448 peer 0x561adbeac480 message 203
1754444188.965460 sending message 205 to peer 0x561adbeac480 (0 bytes)
1754444188.965772 peer 0x561adbeac480 message 204
1754444188.965782 client loop exit
